[2025-07-25 10:00:10.5418] [INFO] [PGClientDown.Controllers.CommonController] incoming url : index.html 
[2025-07-25 10:01:06.2348] [WARN] [PGClientDown.Controllers.CommonController] file exist : index.html 
[2025-07-25 10:01:08.7649] [INFO] [PGClientDown.Controllers.CommonController] incoming url : Nrgs/B2B/Web/CasinoLuganoCHF/V5/bundles/style/gamelaunch 
[2025-07-25 10:01:11.0830] [INFO] [PGClientDown.Controllers.CommonController] incoming url : Nrgs/B2B/Web/CasinoLuganoCHF/V5/bundles/scripts/freespins 
[2025-07-25 10:01:11.0830] [INFO] [PGClientDown.Controllers.CommonController] incoming url : Nrgs/B2B/Web/CasinoLuganoCHF/V5/Scripts/jquery-3.6.0.min.js 
[2025-07-25 10:01:11.1020] [WARN] [PGClientDown.Controllers.CommonController] file exist : Nrgs/B2B/Web/CasinoLuganoCHF/V5/Scripts/jquery-3.6.0.min.js 
[2025-07-25 10:01:11.8671] [INFO] [PGClientDown.Controllers.CommonController] incoming url : Nrgs/B2B/Web/CasinoLuganoCHF/V5/bundles/scripts/freespins Response : StatusCode: 404, ReasonPhrase: 'Not Found', Version: 1.1, Content: System.Net.Http.StreamContent, Headers:
{
  Strict-Transport-Security: max-age=16070400; includeSubDomains
  Date: Fri, 25 Jul 2025 07:01:11 GMT
  Set-Cookie: TS01a01296=0107cd5b19a9eeabb1be04a3433fe038c7a911f160be6fce1cb87f846fc51c799cea22bf1eef3f6bf35b1d6a6134735e88c7ba927e; Path=/; Domain=.nrgs-b2b.greentube.com; Secure; HTTPOnly
  Content-Length: 7082
  Content-Type: text/html
} 
[2025-07-25 10:01:11.8827] [INFO] [PGClientDown.Controllers.CommonController] incoming url : Nrgs/B2B/Web/CasinoLuganoCHF/V5/bundles/style/gamelaunch Response : StatusCode: 404, ReasonPhrase: 'Not Found', Version: 1.1, Content: System.Net.Http.StreamContent, Headers:
{
  Strict-Transport-Security: max-age=16070400; includeSubDomains
  Date: Fri, 25 Jul 2025 07:01:10 GMT
  Set-Cookie: TS01a01296=0107cd5b19b09e3ee8e377a65faff030e7dc4ef2343135ff8bca9ae78e3f1f64a6718119c2fa3944c2106f0b5adc7a9ce673b07bcd; Path=/; Domain=.nrgs-b2b.greentube.com; Secure; HTTPOnly
  Content-Length: 7082
  Content-Type: text/html
} 
[2025-07-25 10:01:11.8988] [INFO] [PGClientDown.Controllers.CommonController] incoming url : Nrgs/B2B/Web/CasinoLuganoCHF/V5/Assets/gi_silence.mp3 
[2025-07-25 10:01:11.8988] [WARN] [PGClientDown.Controllers.CommonController] file exist : Nrgs/B2B/Web/CasinoLuganoCHF/V5/Assets/gi_silence.mp3 
[2025-07-25 10:01:17.4929] [INFO] [PGClientDown.Controllers.CommonController] incoming url : Nrgs/B2B/Web/CasinoLuganoCHF/V5/bundles/style/gamelaunch 
[2025-07-25 10:01:17.5237] [INFO] [PGClientDown.Controllers.CommonController] incoming url : .well-known/appspecific/com.chrome.devtools.json 
[2025-07-25 10:01:17.8446] [INFO] [PGClientDown.Controllers.CommonController] incoming url : .well-known/appspecific/com.chrome.devtools.json Response : StatusCode: 404, ReasonPhrase: 'Not Found', Version: 1.1, Content: System.Net.Http.StreamContent, Headers:
{
  Strict-Transport-Security: max-age=16070400; includeSubDomains
  Date: Fri, 25 Jul 2025 07:01:17 GMT
  Set-Cookie: TS01a01296=0107cd5b19445b0d366df69e0ad304f363cb078cc9c63d340af83c08c4146ef5191969c9fc7266046c80cd5e2c083eb23aa15cda90; Path=/; Domain=.nrgs-b2b.greentube.com; Secure; HTTPOnly
  Content-Length: 1245
  Content-Type: text/html
} 
[2025-07-25 10:01:17.9248] [INFO] [PGClientDown.Controllers.CommonController] incoming url : Nrgs/B2B/Web/CasinoLuganoCHF/V5/bundles/style/gamelaunch Response : StatusCode: 404, ReasonPhrase: 'Not Found', Version: 1.1, Content: System.Net.Http.StreamContent, Headers:
{
  Strict-Transport-Security: max-age=16070400; includeSubDomains
  Date: Fri, 25 Jul 2025 07:01:16 GMT
  Set-Cookie: TS01a01296=0107cd5b19df17e226a0db18e6320b2f5b69be71424abad9d66aa7b1d427e2ea2133691454173fb5bd66667d7f689064cbc54d9807; Path=/; Domain=.nrgs-b2b.greentube.com; Secure; HTTPOnly
  Content-Length: 7082
  Content-Type: text/html
} 
[2025-07-25 10:01:38.1058] [INFO] [PGClientDown.Controllers.CommonController] incoming url : ssp/aee.htm 
[2025-07-25 10:01:38.4326] [INFO] [PGClientDown.Controllers.CommonController] incoming url : ssp/aee.htm Response : StatusCode: 404, ReasonPhrase: 'Not Found', Version: 1.1, Content: System.Net.Http.StreamContent, Headers:
{
  Strict-Transport-Security: max-age=16070400; includeSubDomains
  Date: Fri, 25 Jul 2025 07:01:37 GMT
  Set-Cookie: TS01a01296=0107cd5b19f8c73a850651d92b3fec3e9ad4bcf24393f40204b3c48ec9b5ada0e5186d99fe5036a250651ac03fe130ebbe177afe2c; Path=/; Domain=.nrgs-b2b.greentube.com; Secure; HTTPOnly
  Content-Length: 1245
  Content-Type: text/html
} 
[2025-07-25 10:01:48.0936] [INFO] [PGClientDown.Controllers.CommonController] incoming url : ssp/aee.html 
[2025-07-25 10:01:48.4067] [INFO] [PGClientDown.Controllers.CommonController] incoming url : ssp/aee.html Response : StatusCode: 404, ReasonPhrase: 'Not Found', Version: 1.1, Content: System.Net.Http.StreamContent, Headers:
{
  Strict-Transport-Security: max-age=16070400; includeSubDomains
  Date: Fri, 25 Jul 2025 07:01:46 GMT
  Set-Cookie: TS01a01296=0107cd5b197e7456d1ad6fe92024c2e91d3b2a98a205c3eceb63937ebacf42f03e77e3a2ce8923be62fa2d7595b98ff0b50d072a8c; Path=/; Domain=.nrgs-b2b.greentube.com; Secure; HTTPOnly
  Content-Length: 1245
  Content-Type: text/html
} 
[2025-07-25 10:02:05.0228] [INFO] [PGClientDown.Controllers.CommonController] incoming url : ssp/aee.html 
[2025-07-25 10:02:27.5136] [INFO] [PGClientDown.Controllers.CommonController] incoming url : ssp/aee.html Response : StatusCode: 404, ReasonPhrase: 'Not Found', Version: 1.1, Content: System.Net.Http.StreamContent, Headers:
{
  Strict-Transport-Security: max-age=16070400; includeSubDomains
  Date: Fri, 25 Jul 2025 07:02:25 GMT
  Set-Cookie: TS01a01296=0107cd5b19501d522d9e188e2fa6969354b499bd23d1cc13d16aa635c4fa0ae5b045e39bc9c95f95633fb055e3938274e9ccaa42af; Path=/; Domain=.nrgs-b2b.greentube.com; Secure; HTTPOnly
  Content-Length: 1245
  Content-Type: text/html
} 
[2025-07-25 10:29:00.9128] [INFO] [PGClientDown.Controllers.CommonController] incoming url : index.html 
[2025-07-25 10:29:08.7677] [WARN] [PGClientDown.Controllers.CommonController] file exist : index.html 
[2025-07-25 10:29:22.7058] [INFO] [PGClientDown.Controllers.CommonController] incoming url : Nrgs/B2B/Web/CasinoLuganoCHF/V5/bundles/style/gamelaunch 
[2025-07-25 10:29:22.7058] [INFO] [PGClientDown.Controllers.CommonController] incoming url : Nrgs/B2B/Web/CasinoLuganoCHF/V5/bundles/scripts/freespins 
[2025-07-25 10:29:22.7058] [INFO] [PGClientDown.Controllers.CommonController] incoming url : Nrgs/B2B/Web/CasinoLuganoCHF/V5/Scripts/jquery-3.6.0.min.js 
[2025-07-25 10:29:22.7058] [WARN] [PGClientDown.Controllers.CommonController] file exist : Nrgs/B2B/Web/CasinoLuganoCHF/V5/Scripts/jquery-3.6.0.min.js 
[2025-07-25 10:29:23.4952] [INFO] [PGClientDown.Controllers.CommonController] incoming url : Nrgs/B2B/Web/CasinoLuganoCHF/V5/bundles/scripts/freespins Response : StatusCode: 404, ReasonPhrase: 'Not Found', Version: 1.1, Content: System.Net.Http.StreamContent, Headers:
{
  Strict-Transport-Security: max-age=16070400; includeSubDomains
  Date: Fri, 25 Jul 2025 07:29:22 GMT
  Set-Cookie: TS01a01296=0107cd5b19cbade77ed46c2bc8a2fe140351038775e3a0369af3dc1d817a9d0e28b1793380f946794811bcfb7f9c808a989010fe04; Path=/; Domain=.nrgs-b2b.greentube.com; Secure; HTTPOnly
  Content-Length: 7082
  Content-Type: text/html
} 
[2025-07-25 10:29:23.4952] [INFO] [PGClientDown.Controllers.CommonController] incoming url : Nrgs/B2B/Web/CasinoLuganoCHF/V5/bundles/style/gamelaunch Response : StatusCode: 404, ReasonPhrase: 'Not Found', Version: 1.1, Content: System.Net.Http.StreamContent, Headers:
{
  Strict-Transport-Security: max-age=16070400; includeSubDomains
  Date: Fri, 25 Jul 2025 07:29:21 GMT
  Set-Cookie: TS01a01296=0107cd5b19eb4384b8749cd8664c43ff08edbf846b1def94028361f5fcd0f557f30b8f2d55d21a7d00d7df167f066f573adbb7beeb; Path=/; Domain=.nrgs-b2b.greentube.com; Secure; HTTPOnly
  Content-Length: 7082
  Content-Type: text/html
} 
[2025-07-25 10:29:23.5226] [INFO] [PGClientDown.Controllers.CommonController] incoming url : Nrgs/B2B/Web/CasinoLuganoCHF/V5/Assets/gi_silence.mp3 
[2025-07-25 10:29:23.5226] [WARN] [PGClientDown.Controllers.CommonController] file exist : Nrgs/B2B/Web/CasinoLuganoCHF/V5/Assets/gi_silence.mp3 
